<?xml version="1.0" encoding="UTF-8"?>
<testsuite name="MessageServiceTest" tests="1" skipped="0" failures="0" errors="0" timestamp="2017-10-31T02:56:05" hostname="DESKTOP-QHG7SFL" time="0.0">
  <properties/>
  <testcase name="getMessage" classname="MessageServiceTest" time="0.0"/>
  <system-out><![CDATA[]]></system-out>
  <system-err><![CDATA[]]></system-err>
</testsuite>
